<?xml version="1.0" encoding="UTF-8"?>
<testsuite name="Academy Choucair" tests="1" skipped="0" failures="0" errors="0" timestamp="2020-11-03T14:06:30" hostname="Olivers-MacBook-Air.local" time="28.395">
  <properties/>
  <testcase name="Search for a automation course" classname="Academy Choucair" time="28.395"/>
  <system-out><![CDATA[]]></system-out>
  <system-err><![CDATA[[Test worker] WARN net.thucydides.core.steps.BaseStepListener - stepStarted: net.thucydides.core.steps.ExecutedStepDescription@1dfd83d
[Test worker] WARN net.thucydides.core.steps.BaseStepListener - stepStarted: net.thucydides.core.steps.ExecutedStepDescription@6de4392c
[Test worker] WARN net.thucydides.core.steps.BaseStepListener - stepStarted: net.thucydides.core.steps.ExecutedStepDescription@1c2fb77b
nov 03, 2020 9:06:32 A.M. org.openqa.selenium.remote.DesiredCapabilities chrome
INFORMACIÓN: Using `new ChromeOptions()` is preferred to `DesiredCapabilities.chrome()`
[Test worker] INFO net.serenitybdd.core.webdriver.driverproviders.ProvideNewDriver - Instantiating driver
[Test worker] INFO net.serenitybdd.core.webdriver.driverproviders.ProvideNewDriver - Driver capabilities: Capabilities {acceptInsecureCerts: false, browserName: chrome, chrome.switches: --start-maximized, goog:chromeOptions: {args: [--start-maximized], extensions: []}, loggingPrefs: org.openqa.selenium.logging..., platform: ANY, version: }
Starting ChromeDriver 85.0.4183.87 (cd6713ebf92fa1cacc0f1a598df280093af0c5d7-refs/branch-heads/4183@{#1689}) on port 24362
Only local connections are allowed.
Please see https://chromedriver.chromium.org/security-considerations for suggestions on keeping ChromeDriver safe.
ChromeDriver was started successfully.
[1604412398.943][WARNING]: This version of ChromeDriver has not been tested with Chrome version 86.
nov 03, 2020 9:06:39 A.M. org.openqa.selenium.remote.ProtocolHandshake createSession
INFORMACIÓN: Detected dialect: W3C
[Test worker] WARN net.thucydides.core.steps.BaseStepListener - stepFinished: current outcome:Search for a automation course:Given than brandon wants to learns automation at the Academy Choucair
| strUser | strPassword |
| 1090375676 | Choucair2020* |
| 1090375676 | Choucair2020* | [Brandon open up [Brandon opens the Choucair academy page]]
[Test worker] WARN net.thucydides.core.steps.BaseStepListener - stepFinished: current outcome:Search for a automation course:Given than brandon wants to learns automation at the Academy Choucair
| strUser | strPassword |
| 1090375676 | Choucair2020* |
| 1090375676 | Choucair2020* | [Brandon open up [Brandon opens the Choucair academy page]]
[Test worker] WARN net.thucydides.core.steps.BaseStepListener - stepStarted: net.thucydides.core.steps.ExecutedStepDescription@150539a0
[Test worker] WARN net.thucydides.core.steps.BaseStepListener - stepStarted: net.thucydides.core.steps.ExecutedStepDescription@6c21c0b0
[Test worker] WARN net.thucydides.core.steps.BaseStepListener - stepFinished: current outcome:Search for a automation course:Given than brandon wants to learns automation at the Academy Choucair
| strUser | strPassword |
| 1090375676 | Choucair2020* |
| 1090375676 | Choucair2020* | [Brandon open up [Brandon opens the Choucair academy page], Brandon login [Brandon clicks on button that shows us the form to login]]
[Test worker] WARN net.thucydides.core.steps.BaseStepListener - stepStarted: net.thucydides.core.steps.ExecutedStepDescription@224bc4eb
[Test worker] WARN net.thucydides.core.steps.BaseStepListener - stepFinished: current outcome:Search for a automation course:Given than brandon wants to learns automation at the Academy Choucair
| strUser | strPassword |
| 1090375676 | Choucair2020* |
| 1090375676 | Choucair2020* | [Brandon open up [Brandon opens the Choucair academy page], Brandon login [Brandon clicks on button that shows us the form to login, Brandon enters '1090375676' into where do we write the user]]
[Test worker] WARN net.thucydides.core.steps.BaseStepListener - stepStarted: net.thucydides.core.steps.ExecutedStepDescription@4216ab13
[Test worker] WARN net.thucydides.core.steps.BaseStepListener - stepFinished: current outcome:Search for a automation course:Given than brandon wants to learns automation at the Academy Choucair
| strUser | strPassword |
| 1090375676 | Choucair2020* |
| 1090375676 | Choucair2020* | [Brandon open up [Brandon opens the Choucair academy page], Brandon login [Brandon clicks on button that shows us the form to login, Brandon enters '1090375676' into where do we write the user, Brandon enters 'Choucair2020*' into where do we write the password]]
[Test worker] WARN net.thucydides.core.steps.BaseStepListener - stepStarted: net.thucydides.core.steps.ExecutedStepDescription@6ea6b7c5
[Test worker] WARN net.thucydides.core.steps.BaseStepListener - stepFinished: current outcome:Search for a automation course:Given than brandon wants to learns automation at the Academy Choucair
| strUser | strPassword |
| 1090375676 | Choucair2020* |
| 1090375676 | Choucair2020* | [Brandon open up [Brandon opens the Choucair academy page], Brandon login [Brandon clicks on button that shows us the form to login, Brandon enters '1090375676' into where do we write the user, Brandon enters 'Choucair2020*' into where do we write the password, Brandon clicks on button to confirm login]]
[Test worker] WARN net.thucydides.core.steps.BaseStepListener - stepFinished: current outcome:Search for a automation course:Given than brandon wants to learns automation at the Academy Choucair
| strUser | strPassword |
| 1090375676 | Choucair2020* |
| 1090375676 | Choucair2020* | [Brandon open up [Brandon opens the Choucair academy page], Brandon login [Brandon clicks on button that shows us the form to login, Brandon enters '1090375676' into where do we write the user, Brandon enters 'Choucair2020*' into where do we write the password, Brandon clicks on button to confirm login]]
[Test worker] WARN net.thucydides.core.steps.BaseStepListener - stepFinished: current outcome:Search for a automation course:Given than brandon wants to learns automation at the Academy Choucair
| strUser | strPassword |
| 1090375676 | Choucair2020* |
| 1090375676 | Choucair2020* | [Brandon open up [Brandon opens the Choucair academy page], Brandon login [Brandon clicks on button that shows us the form to login, Brandon enters '1090375676' into where do we write the user, Brandon enters 'Choucair2020*' into where do we write the password, Brandon clicks on button to confirm login]]
[Test worker] WARN net.thucydides.core.steps.BaseStepListener - stepStarted: net.thucydides.core.steps.ExecutedStepDescription@3c547084
[Test worker] WARN net.thucydides.core.steps.BaseStepListener - stepStarted: net.thucydides.core.steps.ExecutedStepDescription@5a3b8b9f
[Test worker] WARN net.thucydides.core.steps.BaseStepListener - stepStarted: net.thucydides.core.steps.ExecutedStepDescription@7bc9a2c9
[Test worker] WARN net.thucydides.core.steps.BaseStepListener - stepFinished: current outcome:Search for a automation course:Given than brandon wants to learns automation at the Academy Choucair
| strUser | strPassword |
| 1090375676 | Choucair2020* |
| 1090375676 | Choucair2020* | [Brandon open up [Brandon opens the Choucair academy page], Brandon login [Brandon clicks on button that shows us the form to login, Brandon enters '1090375676' into where do we write the user, Brandon enters 'Choucair2020*' into where do we write the password, Brandon clicks on button to confirm login]], When he search for the course on the Choucair academy platform
| strCourse |
| Curso Basico de Agile |
| Workshop de Automatización | [Brandon search [Brandon clicks on selecciona las certificaciones de choucair]]
[Test worker] WARN net.thucydides.core.steps.BaseStepListener - stepStarted: net.thucydides.core.steps.ExecutedStepDescription@229a0a53
[Test worker] WARN net.thucydides.core.steps.BaseStepListener - stepFinished: current outcome:Search for a automation course:Given than brandon wants to learns automation at the Academy Choucair
| strUser | strPassword |
| 1090375676 | Choucair2020* |
| 1090375676 | Choucair2020* | [Brandon open up [Brandon opens the Choucair academy page], Brandon login [Brandon clicks on button that shows us the form to login, Brandon enters '1090375676' into where do we write the user, Brandon enters 'Choucair2020*' into where do we write the password, Brandon clicks on button to confirm login]], When he search for the course on the Choucair academy platform
| strCourse |
| Curso Basico de Agile |
| Workshop de Automatización | [Brandon search [Brandon clicks on selecciona las certificaciones de choucair, Brandon enters 'Curso Basico de Agile' into Buscar el curso]]
[Test worker] WARN net.thucydides.core.steps.BaseStepListener - stepStarted: net.thucydides.core.steps.ExecutedStepDescription@7e946a5f
[Test worker] WARN net.thucydides.core.steps.BaseStepListener - stepFinished: current outcome:Search for a automation course:Given than brandon wants to learns automation at the Academy Choucair
| strUser | strPassword |
| 1090375676 | Choucair2020* |
| 1090375676 | Choucair2020* | [Brandon open up [Brandon opens the Choucair academy page], Brandon login [Brandon clicks on button that shows us the form to login, Brandon enters '1090375676' into where do we write the user, Brandon enters 'Choucair2020*' into where do we write the password, Brandon clicks on button to confirm login]], When he search for the course on the Choucair academy platform
| strCourse |
| Curso Basico de Agile |
| Workshop de Automatización | [Brandon search [Brandon clicks on selecciona las certificaciones de choucair, Brandon enters 'Curso Basico de Agile' into Buscar el curso, Brandon clicks on Da click para buscar el curso]]
[Test worker] WARN net.thucydides.core.steps.BaseStepListener - stepStarted: net.thucydides.core.steps.ExecutedStepDescription@4fb5120f
[Test worker] WARN net.thucydides.core.steps.BaseStepListener - stepFinished: current outcome:Search for a automation course:Given than brandon wants to learns automation at the Academy Choucair
| strUser | strPassword |
| 1090375676 | Choucair2020* |
| 1090375676 | Choucair2020* | [Brandon open up [Brandon opens the Choucair academy page], Brandon login [Brandon clicks on button that shows us the form to login, Brandon enters '1090375676' into where do we write the user, Brandon enters 'Choucair2020*' into where do we write the password, Brandon clicks on button to confirm login]], When he search for the course on the Choucair academy platform
| strCourse |
| Curso Basico de Agile |
| Workshop de Automatización | [Brandon search [Brandon clicks on selecciona las certificaciones de choucair, Brandon enters 'Curso Basico de Agile' into Buscar el curso, Brandon clicks on Da click para buscar el curso, Brandon clicks on Seleccionar el curso]]
[Test worker] WARN net.thucydides.core.steps.BaseStepListener - stepFinished: current outcome:Search for a automation course:Given than brandon wants to learns automation at the Academy Choucair
| strUser | strPassword |
| 1090375676 | Choucair2020* |
| 1090375676 | Choucair2020* | [Brandon open up [Brandon opens the Choucair academy page], Brandon login [Brandon clicks on button that shows us the form to login, Brandon enters '1090375676' into where do we write the user, Brandon enters 'Choucair2020*' into where do we write the password, Brandon clicks on button to confirm login]], When he search for the course on the Choucair academy platform
| strCourse |
| Curso Basico de Agile |
| Workshop de Automatización | [Brandon search [Brandon clicks on selecciona las certificaciones de choucair, Brandon enters 'Curso Basico de Agile' into Buscar el curso, Brandon clicks on Da click para buscar el curso, Brandon clicks on Seleccionar el curso]]
[Test worker] WARN net.thucydides.core.steps.BaseStepListener - stepFinished: current outcome:Search for a automation course:Given than brandon wants to learns automation at the Academy Choucair
| strUser | strPassword |
| 1090375676 | Choucair2020* |
| 1090375676 | Choucair2020* | [Brandon open up [Brandon opens the Choucair academy page], Brandon login [Brandon clicks on button that shows us the form to login, Brandon enters '1090375676' into where do we write the user, Brandon enters 'Choucair2020*' into where do we write the password, Brandon clicks on button to confirm login]], When he search for the course on the Choucair academy platform
| strCourse |
| Curso Basico de Agile |
| Workshop de Automatización | [Brandon search [Brandon clicks on selecciona las certificaciones de choucair, Brandon enters 'Curso Basico de Agile' into Buscar el curso, Brandon clicks on Da click para buscar el curso, Brandon clicks on Seleccionar el curso]]
[Test worker] WARN net.thucydides.core.steps.BaseStepListener - stepStarted: net.thucydides.core.steps.ExecutedStepDescription@39ce7227
[Test worker] WARN net.thucydides.core.steps.BaseStepListener - stepStarted: net.thucydides.core.steps.ExecutedStepDescription@24a70ad8
[Test worker] WARN net.thucydides.core.steps.BaseStepListener - stepFinished: current outcome:Search for a automation course:Given than brandon wants to learns automation at the Academy Choucair
| strUser | strPassword |
| 1090375676 | Choucair2020* |
| 1090375676 | Choucair2020* | [Brandon open up [Brandon opens the Choucair academy page], Brandon login [Brandon clicks on button that shows us the form to login, Brandon enters '1090375676' into where do we write the user, Brandon enters 'Choucair2020*' into where do we write the password, Brandon clicks on button to confirm login]], When he search for the course on the Choucair academy platform
| strCourse |
| Curso Basico de Agile |
| Workshop de Automatización | [Brandon search [Brandon clicks on selecciona las certificaciones de choucair, Brandon enters 'Curso Basico de Agile' into Buscar el curso, Brandon clicks on Da click para buscar el curso, Brandon clicks on Seleccionar el curso]], Then he finds the course called
| strCourse |
| Curso Basico de Agile |
| Workshop de Automatización | [Then answer]
[Test worker] WARN net.thucydides.core.steps.BaseStepListener - stepFinished: current outcome:Search for a automation course:Given than brandon wants to learns automation at the Academy Choucair
| strUser | strPassword |
| 1090375676 | Choucair2020* |
| 1090375676 | Choucair2020* | [Brandon open up [Brandon opens the Choucair academy page], Brandon login [Brandon clicks on button that shows us the form to login, Brandon enters '1090375676' into where do we write the user, Brandon enters 'Choucair2020*' into where do we write the password, Brandon clicks on button to confirm login]], When he search for the course on the Choucair academy platform
| strCourse |
| Curso Basico de Agile |
| Workshop de Automatización | [Brandon search [Brandon clicks on selecciona las certificaciones de choucair, Brandon enters 'Curso Basico de Agile' into Buscar el curso, Brandon clicks on Da click para buscar el curso, Brandon clicks on Seleccionar el curso]], Then he finds the course called
| strCourse |
| Curso Basico de Agile |
| Workshop de Automatización | [Then answer]
[Test worker] WARN net.thucydides.core.steps.BaseStepListener - testFinished: Search for a automation course:Given than brandon wants to learns automation at the Academy Choucair
| strUser | strPassword |
| 1090375676 | Choucair2020* |
| 1090375676 | Choucair2020* | [Brandon open up [Brandon opens the Choucair academy page], Brandon login [Brandon clicks on button that shows us the form to login, Brandon enters '1090375676' into where do we write the user, Brandon enters 'Choucair2020*' into where do we write the password, Brandon clicks on button to confirm login]], When he search for the course on the Choucair academy platform
| strCourse |
| Curso Basico de Agile |
| Workshop de Automatización | [Brandon search [Brandon clicks on selecciona las certificaciones de choucair, Brandon enters 'Curso Basico de Agile' into Buscar el curso, Brandon clicks on Da click para buscar el curso, Brandon clicks on Seleccionar el curso]], Then he finds the course called
| strCourse |
| Curso Basico de Agile |
| Workshop de Automatización | [Then answer]
[Test worker] WARN net.thucydides.core.steps.BaseStepListener - TestOutcomes: [Search for a automation course:Given than brandon wants to learns automation at the Academy Choucair
| strUser | strPassword |
| 1090375676 | Choucair2020* |
| 1090375676 | Choucair2020* | [Brandon open up [Brandon opens the Choucair academy page], Brandon login [Brandon clicks on button that shows us the form to login, Brandon enters '1090375676' into where do we write the user, Brandon enters 'Choucair2020*' into where do we write the password, Brandon clicks on button to confirm login]], When he search for the course on the Choucair academy platform
| strCourse |
| Curso Basico de Agile |
| Workshop de Automatización | [Brandon search [Brandon clicks on selecciona las certificaciones de choucair, Brandon enters 'Curso Basico de Agile' into Buscar el curso, Brandon clicks on Da click para buscar el curso, Brandon clicks on Seleccionar el curso]], Then he finds the course called
| strCourse |
| Curso Basico de Agile |
| Workshop de Automatización | [Then answer]]
[Test worker] WARN net.thucydides.core.steps.BaseStepListener - Final testOutcomes: [Search for a automation course:Given than brandon wants to learns automation at the Academy Choucair
| strUser | strPassword |
| 1090375676 | Choucair2020* |
| 1090375676 | Choucair2020* | [Brandon open up [Brandon opens the Choucair academy page], Brandon login [Brandon clicks on button that shows us the form to login, Brandon enters '1090375676' into where do we write the user, Brandon enters 'Choucair2020*' into where do we write the password, Brandon clicks on button to confirm login]], When he search for the course on the Choucair academy platform
| strCourse |
| Curso Basico de Agile |
| Workshop de Automatización | [Brandon search [Brandon clicks on selecciona las certificaciones de choucair, Brandon enters 'Curso Basico de Agile' into Buscar el curso, Brandon clicks on Da click para buscar el curso, Brandon clicks on Seleccionar el curso]], Then he finds the course called
| strCourse |
| Curso Basico de Agile |
| Workshop de Automatización | [Then answer]]
[Test worker] INFO net.thucydides.core.steps.ConsoleLoggingListener - 
        __    _____ _____ ____ _____   ____   _    ____  ____  _____ ____  
  _     \ \  |_   _| ____/ ___|_   _| |  _ \ / \  / ___|/ ___|| ____|  _ \ 
 (_)_____| |   | | |  _| \___ \ | |   | |_) / _ \ \___ \\___ \|  _| | | | |
  _|_____| |   | | | |___ ___) || |   |  __/ ___ \ ___) |___) | |___| |_| |
 (_)     | |   |_| |_____|____/ |_|   |_| /_/   \_\____/|____/|_____|____/ 
        /_/                                                                

TEST PASSED: Search for a automation course
----------------------------------------------------------------------------
]]></system-err>
</testsuite>
